<?xml version="1.0" encoding="UTF-8"?>
<!-- Generated by org.testng.reporters.JUnitReportReporter -->
<testsuite hostname="LAPTOP-LV1689UH" failures="0" tests="20" name="junitex.hospital_management" time="135.088" errors="0" timestamp="2021-04-01T12:06:53 EDT" skipped="0">
  <testcase classname="junitex.hospital_management" name="validateLogin" time="5.612"/>
  <system-out/>
  <testcase classname="junitex.hospital_management" name="validateHomePageElements" time="6.334"/>
  <system-out/>
  <testcase classname="junitex.hospital_management" name="validatepatientPageElements" time="6.267"/>
  <system-out/>
  <testcase classname="junitex.hospital_management" name="validatedoctorPageElements" time="6.224"/>
  <system-out/>
  <testcase classname="junitex.hospital_management" name="validatelabPageElements" time="6.307"/>
  <system-out/>
  <testcase classname="junitex.hospital_management" name="validateRoomPageElements" time="6.296"/>
  <system-out/>
  <testcase classname="junitex.hospital_management" name="validatepharmacyPageElements" time="6.270"/>
  <system-out/>
  <testcase classname="junitex.hospital_management" name="validatecontactUsPageElements" time="6.149"/>
  <system-out/>
  <testcase classname="junitex.hospital_management" name="validatepatientNavigationfromHomepage" time="7.298"/>
  <system-out/>
  <testcase classname="junitex.hospital_management" name="validateNewpatientPageNavigation" time="7.267"/>
  <system-out/>
  <testcase classname="junitex.hospital_management" name="VerifyAddNewPatientFunctionality" time="7.870"/>
  <system-out/>
  <testcase classname="junitex.hospital_management" name="ValidateCancelButtonFunctionalityinAddnewpatientpage" time="7.474"/>
  <system-out/>
  <testcase classname="junitex.hospital_management" name="ValidateStatusinDoctorHomepage" time="6.147"/>
  <system-out/>
  <testcase classname="junitex.hospital_management" name="ValidateShowdetailsButtonFunctionalityINDoctorsHomepage" time="7.247"/>
  <system-out/>
  <testcase classname="junitex.hospital_management" name="ValidatethepresenceofdeleteButtoninpatientpage" time="6.097"/>
  <system-out/>
  <testcase classname="junitex.hospital_management" name="ValidateDoctorDetailPageelement" time="7.298"/>
  <system-out/>
  <testcase classname="junitex.hospital_management" name="ValidateShowdetailsButtonFunctionalityInLabHomepage" time="7.223"/>
  <system-out/>
  <testcase classname="junitex.hospital_management" name="ValidateShowdetailsButtonFunctionalityInPharmacyHomepage" time="7.227"/>
  <system-out/>
  <testcase classname="junitex.hospital_management" name="ValidatecancelButtonincontactuspage" time="7.226"/>
  <system-out/>
  <testcase classname="junitex.hospital_management" name="ValidateSignoutFunctionality" time="7.255"/>
  <system-out/>
</testsuite> <!-- junitex.hospital_management -->
